2017/10/30 09:55:14 INFO  - jmeter.util.JMeterUtils: Setting Locale to en_US 
2017/10/30 09:55:14 INFO  - jmeter.JMeter: Loading user properties from: /usr/local/Cellar/jmeter/3.1/libexec/bin/user.properties 
2017/10/30 09:55:14 INFO  - jmeter.JMeter: Loading system properties from: /usr/local/Cellar/jmeter/3.1/libexec/bin/system.properties 
2017/10/30 09:55:14 INFO  - jmeter.JMeter: Copyright (c) 1998-2016 The Apache Software Foundation 
2017/10/30 09:55:14 INFO  - jmeter.JMeter: Version 3.1 r1770033 
2017/10/30 09:55:14 INFO  - jmeter.JMeter: java.version=1.8.0_162-ea 
2017/10/30 09:55:14 INFO  - jmeter.JMeter: java.vm.name=Java HotSpot(TM) 64-Bit Server VM 
2017/10/30 09:55:14 INFO  - jmeter.JMeter: os.name=Mac OS X 
2017/10/30 09:55:14 INFO  - jmeter.JMeter: os.arch=x86_64 
2017/10/30 09:55:14 INFO  - jmeter.JMeter: os.version=10.11.6 
2017/10/30 09:55:14 INFO  - jmeter.JMeter: file.encoding=UTF-8 
2017/10/30 09:55:14 INFO  - jmeter.JMeter: Max memory     =514850816 
2017/10/30 09:55:14 INFO  - jmeter.JMeter: Available Processors =4 
2017/10/30 09:55:14 INFO  - jmeter.JMeter: Default Locale=English (United States) 
2017/10/30 09:55:14 INFO  - jmeter.JMeter: JMeter  Locale=English (United States) 
2017/10/30 09:55:14 INFO  - jmeter.JMeter: JMeterHome=/usr/local/Cellar/jmeter/3.1/libexec 
2017/10/30 09:55:14 INFO  - jmeter.JMeter: user.dir  =/Users/hieunguyen/Documents/dev/wks/reservation_system_poc/configserver 
2017/10/30 09:55:14 INFO  - jmeter.JMeter: PWD       =/Users/hieunguyen/Documents/dev/wks/reservation_system_poc/configserver 
2017/10/30 09:55:14 INFO  - jmeter.JMeter: IP: 192.168.168.233 Name: hieus-mbp.harveynash.vn.local FullName: hieus-mbp.harveynash.vn.local 
2017/10/30 09:55:15 INFO  - jmeter.gui.action.LookAndFeelCommand: Using look and feel: com.apple.laf.AquaLookAndFeel [Mac OS X, System] 
2017/10/30 09:55:15 INFO  - jmeter.JMeter: Loaded icon properties from org/apache/jmeter/images/icon.properties 
2017/10/30 09:55:17 INFO  - jmeter.engine.util.CompoundVariable: Note: Function class names must contain the string: '.functions.' 
2017/10/30 09:55:17 INFO  - jmeter.engine.util.CompoundVariable: Note: Function class names must not contain the string: '.gui.' 
2017/10/30 09:55:17 INFO  - jmeter.gui.util.MenuFactory: Skipping org.apache.jmeter.assertions.BSFAssertion 
2017/10/30 09:55:18 INFO  - jmeter.gui.util.MenuFactory: Skipping org.apache.jmeter.extractor.BSFPostProcessor 
2017/10/30 09:55:18 INFO  - jmeter.gui.util.MenuFactory: Skipping org.apache.jmeter.modifiers.BSFPreProcessor 
2017/10/30 09:55:18 INFO  - jmeter.protocol.http.sampler.HTTPSamplerBase: Parser for text/html is org.apache.jmeter.protocol.http.parser.LagartoBasedHtmlParser 
2017/10/30 09:55:18 INFO  - jmeter.protocol.http.sampler.HTTPSamplerBase: Parser for application/xhtml+xml is org.apache.jmeter.protocol.http.parser.LagartoBasedHtmlParser 
2017/10/30 09:55:18 INFO  - jmeter.protocol.http.sampler.HTTPSamplerBase: Parser for application/xml is org.apache.jmeter.protocol.http.parser.LagartoBasedHtmlParser 
2017/10/30 09:55:18 INFO  - jmeter.protocol.http.sampler.HTTPSamplerBase: Parser for text/xml is org.apache.jmeter.protocol.http.parser.LagartoBasedHtmlParser 
2017/10/30 09:55:18 INFO  - jmeter.protocol.http.sampler.HTTPSamplerBase: Parser for text/vnd.wap.wml is org.apache.jmeter.protocol.http.parser.RegexpHTMLParser 
2017/10/30 09:55:18 INFO  - jmeter.protocol.http.sampler.HTTPSamplerBase: Parser for text/css is org.apache.jmeter.protocol.http.parser.CssParser 
2017/10/30 09:55:18 INFO  - jorphan.exec.KeyToolUtils: keytool found at 'keytool' 
2017/10/30 09:55:18 INFO  - jmeter.protocol.http.proxy.ProxyControl: HTTP(S) Test Script Recorder SSL Proxy will use keys that support embedded 3rd party resources in file /usr/local/Cellar/jmeter/3.1/libexec/bin/proxyserver.jks 
2017/10/30 09:55:18 INFO  - jmeter.gui.util.MenuFactory: Skipping org.apache.jmeter.protocol.java.sampler.BSFSampler 
2017/10/30 09:55:19 INFO  - jmeter.gui.util.MenuFactory: Skipping org.apache.jmeter.protocol.mongodb.config.MongoSourceElement 
2017/10/30 09:55:19 INFO  - jmeter.gui.util.MenuFactory: Skipping org.apache.jmeter.protocol.mongodb.sampler.MongoScriptSampler 
2017/10/30 09:55:19 INFO  - jmeter.gui.util.MenuFactory: Skipping org.apache.jmeter.timers.BSFTimer 
2017/10/30 09:55:19 INFO  - jmeter.gui.util.MenuFactory: Skipping org.apache.jmeter.visualizers.BSFListener 
2017/10/30 09:55:19 INFO  - jmeter.gui.util.MenuFactory: Skipping org.apache.jmeter.visualizers.MonitorHealthVisualizer 
2017/10/30 09:55:19 INFO  - jmeter.samplers.SampleResult: Note: Sample TimeStamps are START times 
2017/10/30 09:55:19 INFO  - jmeter.samplers.SampleResult: sampleresult.default.encoding is set to ISO-8859-1 
2017/10/30 09:55:19 INFO  - jmeter.samplers.SampleResult: sampleresult.useNanoTime=true 
2017/10/30 09:55:19 INFO  - jmeter.samplers.SampleResult: sampleresult.nanoThreadSleep=5000 
2017/10/30 09:55:50 INFO  - jmeter.services.FileServer: Default base='/Users/hieunguyen/Documents/dev/wks/reservation_system_poc/configserver' 
2017/10/30 09:55:50 INFO  - jmeter.gui.action.Load: Loading file: /Users/hieunguyen/Documents/dev/wks/loadtest/Thread Group.jmx 
2017/10/30 09:55:50 INFO  - jmeter.services.FileServer: Set new base='/Users/hieunguyen/Documents/dev/wks/loadtest' 
2017/10/30 09:55:50 INFO  - jmeter.save.SaveService: Testplan (JMX) version: 2.2. Testlog (JTL) version: 2.2 
2017/10/30 09:55:50 INFO  - jmeter.save.SaveService: Using SaveService properties file encoding UTF-8 
2017/10/30 09:55:50 INFO  - jmeter.save.SaveService: Using SaveService properties version 3.1 
2017/10/30 09:55:50 INFO  - jmeter.save.SaveService: All converter versions present and correct 
2017/10/30 09:55:50 INFO  - jmeter.save.SaveService: Loading file: /Users/hieunguyen/Documents/dev/wks/loadtest/Thread Group.jmx 
2017/10/30 09:55:50 INFO  - jmeter.services.FileServer: Set new base='/Users/hieunguyen/Documents/dev/wks/loadtest' 
2017/10/30 10:00:53 INFO  - jmeter.services.FileServer: Set new base='/Users/hieunguyen/Documents/dev/wks/reservation_system_poc/load-test' 
2017/10/30 10:26:35 INFO  - jmeter.engine.StandardJMeterEngine: Running the test! 
2017/10/30 10:26:35 INFO  - jmeter.samplers.SampleEvent: List of sample_variables: [] 
2017/10/30 10:26:35 INFO  - jmeter.samplers.SampleEvent: List of sample_variables: [] 
2017/10/30 10:26:35 INFO  - jmeter.gui.util.JMeterMenuBar: setRunning(true,*local*) 
2017/10/30 10:26:35 INFO  - jmeter.engine.StandardJMeterEngine: Starting setUp thread groups 
2017/10/30 10:26:35 INFO  - jmeter.engine.StandardJMeterEngine: Starting setUp ThreadGroup: 1 : Thread Group 
2017/10/30 10:26:35 INFO  - jmeter.engine.StandardJMeterEngine: Starting 1 threads for group Thread Group. 
2017/10/30 10:26:35 INFO  - jmeter.engine.StandardJMeterEngine: Thread will continue on error 
2017/10/30 10:26:35 INFO  - jmeter.threads.ThreadGroup: Starting thread group number 1 threads 1 ramp-up 1 perThread 1000.0 delayedStart=false 
2017/10/30 10:26:35 INFO  - jmeter.threads.ThreadGroup: Started thread group number 1 
2017/10/30 10:26:35 INFO  - jmeter.engine.StandardJMeterEngine: Waiting for all setup thread groups to exit 
2017/10/30 10:26:35 INFO  - jmeter.threads.JMeterThread: Thread started: Thread Group 1-1 
2017/10/30 10:26:35 INFO  - jmeter.protocol.http.sampler.HTTPHCAbstractImpl: Local host = hieus-mbp.harveynash.vn.local 
2017/10/30 10:26:35 INFO  - jmeter.protocol.http.sampler.HTTPHC4Impl: HTTP request retry count = 0 
2017/10/30 10:26:35 INFO  - jmeter.threads.JMeterThread: Thread is done: Thread Group 1-1 
2017/10/30 10:26:35 INFO  - jmeter.threads.JMeterThread: Thread finished: Thread Group 1-1 
2017/10/30 10:26:35 INFO  - jmeter.engine.StandardJMeterEngine: All Setup Threads have ended 
2017/10/30 10:26:36 INFO  - jmeter.engine.StandardJMeterEngine: No enabled thread groups found 
2017/10/30 10:26:36 INFO  - jmeter.engine.StandardJMeterEngine: Notifying test listeners of end of test 
2017/10/30 10:26:36 INFO  - jmeter.gui.util.JMeterMenuBar: setRunning(false,*local*) 
2017/10/30 10:26:37 INFO  - jmeter.engine.StandardJMeterEngine: Running the test! 
2017/10/30 10:26:37 INFO  - jmeter.samplers.SampleEvent: List of sample_variables: [] 
2017/10/30 10:26:38 INFO  - jmeter.gui.util.JMeterMenuBar: setRunning(true,*local*) 
2017/10/30 10:26:38 INFO  - jmeter.engine.StandardJMeterEngine: Starting setUp thread groups 
2017/10/30 10:26:38 INFO  - jmeter.engine.StandardJMeterEngine: Starting setUp ThreadGroup: 1 : Thread Group 
2017/10/30 10:26:38 INFO  - jmeter.engine.StandardJMeterEngine: Starting 1 threads for group Thread Group. 
2017/10/30 10:26:38 INFO  - jmeter.engine.StandardJMeterEngine: Thread will continue on error 
2017/10/30 10:26:38 INFO  - jmeter.threads.ThreadGroup: Starting thread group number 1 threads 1 ramp-up 1 perThread 1000.0 delayedStart=false 
2017/10/30 10:26:38 INFO  - jmeter.threads.ThreadGroup: Started thread group number 1 
2017/10/30 10:26:38 INFO  - jmeter.engine.StandardJMeterEngine: Waiting for all setup thread groups to exit 
2017/10/30 10:26:38 INFO  - jmeter.threads.JMeterThread: Thread started: Thread Group 1-1 
2017/10/30 10:26:38 INFO  - jmeter.threads.JMeterThread: Thread is done: Thread Group 1-1 
2017/10/30 10:26:38 INFO  - jmeter.threads.JMeterThread: Thread finished: Thread Group 1-1 
2017/10/30 10:26:38 INFO  - jmeter.engine.StandardJMeterEngine: All Setup Threads have ended 
2017/10/30 10:26:38 INFO  - jmeter.engine.StandardJMeterEngine: No enabled thread groups found 
2017/10/30 10:26:38 INFO  - jmeter.engine.StandardJMeterEngine: Notifying test listeners of end of test 
2017/10/30 10:26:38 INFO  - jmeter.gui.util.JMeterMenuBar: setRunning(false,*local*) 
2017/10/30 10:26:49 INFO  - jmeter.engine.StandardJMeterEngine: Running the test! 
2017/10/30 10:26:49 INFO  - jmeter.samplers.SampleEvent: List of sample_variables: [] 
2017/10/30 10:26:49 INFO  - jmeter.gui.util.JMeterMenuBar: setRunning(true,*local*) 
2017/10/30 10:26:49 INFO  - jmeter.engine.StandardJMeterEngine: Starting setUp thread groups 
2017/10/30 10:26:49 INFO  - jmeter.engine.StandardJMeterEngine: Starting setUp ThreadGroup: 1 : Thread Group 
2017/10/30 10:26:49 INFO  - jmeter.engine.StandardJMeterEngine: Starting 1 threads for group Thread Group. 
2017/10/30 10:26:49 INFO  - jmeter.engine.StandardJMeterEngine: Thread will continue on error 
2017/10/30 10:26:49 INFO  - jmeter.threads.ThreadGroup: Starting thread group number 1 threads 1 ramp-up 1 perThread 1000.0 delayedStart=false 
2017/10/30 10:26:49 INFO  - jmeter.threads.ThreadGroup: Started thread group number 1 
2017/10/30 10:26:49 INFO  - jmeter.engine.StandardJMeterEngine: Waiting for all setup thread groups to exit 
2017/10/30 10:26:49 INFO  - jmeter.threads.JMeterThread: Thread started: Thread Group 1-1 
2017/10/30 10:26:49 INFO  - jmeter.threads.JMeterThread: Thread is done: Thread Group 1-1 
2017/10/30 10:26:49 INFO  - jmeter.threads.JMeterThread: Thread finished: Thread Group 1-1 
2017/10/30 10:26:49 INFO  - jmeter.engine.StandardJMeterEngine: All Setup Threads have ended 
2017/10/30 10:26:49 INFO  - jmeter.engine.StandardJMeterEngine: No enabled thread groups found 
2017/10/30 10:26:49 INFO  - jmeter.engine.StandardJMeterEngine: Notifying test listeners of end of test 
2017/10/30 10:26:49 INFO  - jmeter.gui.util.JMeterMenuBar: setRunning(false,*local*) 
2017/10/30 10:29:48 INFO  - jmeter.engine.StandardJMeterEngine: Running the test! 
2017/10/30 10:29:48 INFO  - jmeter.samplers.SampleEvent: List of sample_variables: [] 
2017/10/30 10:29:48 INFO  - jmeter.gui.util.JMeterMenuBar: setRunning(true,*local*) 
2017/10/30 10:29:48 INFO  - jmeter.engine.StandardJMeterEngine: Starting setUp thread groups 
2017/10/30 10:29:48 INFO  - jmeter.engine.StandardJMeterEngine: Starting setUp ThreadGroup: 1 : Thread Group 
2017/10/30 10:29:48 INFO  - jmeter.engine.StandardJMeterEngine: Starting 1 threads for group Thread Group. 
2017/10/30 10:29:48 INFO  - jmeter.engine.StandardJMeterEngine: Thread will continue on error 
2017/10/30 10:29:48 INFO  - jmeter.threads.ThreadGroup: Starting thread group number 1 threads 1 ramp-up 1 perThread 1000.0 delayedStart=false 
2017/10/30 10:29:48 INFO  - jmeter.threads.ThreadGroup: Started thread group number 1 
2017/10/30 10:29:48 INFO  - jmeter.engine.StandardJMeterEngine: Waiting for all setup thread groups to exit 
2017/10/30 10:29:48 INFO  - jmeter.threads.JMeterThread: Thread started: Thread Group 1-1 
2017/10/30 10:29:48 INFO  - jmeter.threads.JMeterThread: Thread is done: Thread Group 1-1 
2017/10/30 10:29:48 INFO  - jmeter.threads.JMeterThread: Thread finished: Thread Group 1-1 
2017/10/30 10:29:48 INFO  - jmeter.engine.StandardJMeterEngine: All Setup Threads have ended 
2017/10/30 10:29:48 INFO  - jmeter.engine.StandardJMeterEngine: No enabled thread groups found 
2017/10/30 10:29:48 INFO  - jmeter.engine.StandardJMeterEngine: Notifying test listeners of end of test 
2017/10/30 10:29:48 INFO  - jmeter.gui.util.JMeterMenuBar: setRunning(false,*local*) 
2017/10/30 10:30:13 INFO  - jmeter.engine.StandardJMeterEngine: Running the test! 
2017/10/30 10:30:13 INFO  - jmeter.samplers.SampleEvent: List of sample_variables: [] 
2017/10/30 10:30:13 INFO  - jmeter.gui.util.JMeterMenuBar: setRunning(true,*local*) 
2017/10/30 10:30:13 INFO  - jmeter.engine.StandardJMeterEngine: Starting setUp thread groups 
2017/10/30 10:30:13 INFO  - jmeter.engine.StandardJMeterEngine: Starting setUp ThreadGroup: 1 : Thread Group 
2017/10/30 10:30:13 INFO  - jmeter.engine.StandardJMeterEngine: Starting 1 threads for group Thread Group. 
2017/10/30 10:30:13 INFO  - jmeter.engine.StandardJMeterEngine: Thread will continue on error 
2017/10/30 10:30:13 INFO  - jmeter.threads.ThreadGroup: Starting thread group number 1 threads 1 ramp-up 1 perThread 1000.0 delayedStart=false 
2017/10/30 10:30:13 INFO  - jmeter.threads.ThreadGroup: Started thread group number 1 
2017/10/30 10:30:13 INFO  - jmeter.engine.StandardJMeterEngine: Waiting for all setup thread groups to exit 
2017/10/30 10:30:13 INFO  - jmeter.threads.JMeterThread: Thread started: Thread Group 1-1 
2017/10/30 10:30:13 INFO  - jmeter.threads.JMeterThread: Thread is done: Thread Group 1-1 
2017/10/30 10:30:13 INFO  - jmeter.threads.JMeterThread: Thread finished: Thread Group 1-1 
2017/10/30 10:30:13 INFO  - jmeter.engine.StandardJMeterEngine: All Setup Threads have ended 
2017/10/30 10:30:13 INFO  - jmeter.engine.StandardJMeterEngine: No enabled thread groups found 
2017/10/30 10:30:13 INFO  - jmeter.engine.StandardJMeterEngine: Notifying test listeners of end of test 
2017/10/30 10:30:13 INFO  - jmeter.gui.util.JMeterMenuBar: setRunning(false,*local*) 
2017/10/30 14:22:19 INFO  - jmeter.engine.StandardJMeterEngine: Running the test! 
2017/10/30 14:22:19 INFO  - jmeter.samplers.SampleEvent: List of sample_variables: [] 
2017/10/30 14:22:19 INFO  - jmeter.gui.util.JMeterMenuBar: setRunning(true,*local*) 
2017/10/30 14:22:19 INFO  - jmeter.engine.StandardJMeterEngine: Starting setUp thread groups 
2017/10/30 14:22:19 INFO  - jmeter.engine.StandardJMeterEngine: Starting setUp ThreadGroup: 1 : Thread Group 
2017/10/30 14:22:19 INFO  - jmeter.engine.StandardJMeterEngine: Starting 1 threads for group Thread Group. 
2017/10/30 14:22:19 INFO  - jmeter.engine.StandardJMeterEngine: Thread will continue on error 
2017/10/30 14:22:19 INFO  - jmeter.threads.ThreadGroup: Starting thread group number 1 threads 1 ramp-up 1 perThread 1000.0 delayedStart=false 
2017/10/30 14:22:19 INFO  - jmeter.threads.ThreadGroup: Started thread group number 1 
2017/10/30 14:22:19 INFO  - jmeter.engine.StandardJMeterEngine: Waiting for all setup thread groups to exit 
2017/10/30 14:22:19 INFO  - jmeter.threads.JMeterThread: Thread started: Thread Group 1-1 
2017/10/30 14:22:20 INFO  - jmeter.services.FileServer: Stored: ${filename} 
2017/10/30 14:22:20 INFO  - jmeter.threads.JMeterThread: Thread is done: Thread Group 1-1 
2017/10/30 14:22:20 INFO  - jmeter.threads.JMeterThread: Thread finished: Thread Group 1-1 
2017/10/30 14:22:20 INFO  - jmeter.engine.StandardJMeterEngine: All Setup Threads have ended 
2017/10/30 14:22:20 INFO  - jmeter.engine.StandardJMeterEngine: No enabled thread groups found 
2017/10/30 14:22:20 INFO  - jmeter.engine.StandardJMeterEngine: Notifying test listeners of end of test 
2017/10/30 14:22:20 INFO  - jmeter.gui.util.JMeterMenuBar: setRunning(false,*local*) 
2017/10/30 14:22:47 INFO  - jmeter.engine.StandardJMeterEngine: Running the test! 
2017/10/30 14:22:47 INFO  - jmeter.samplers.SampleEvent: List of sample_variables: [] 
2017/10/30 14:22:47 INFO  - jmeter.gui.util.JMeterMenuBar: setRunning(true,*local*) 
2017/10/30 14:22:47 INFO  - jmeter.engine.StandardJMeterEngine: Starting setUp thread groups 
2017/10/30 14:22:47 INFO  - jmeter.engine.StandardJMeterEngine: Starting setUp ThreadGroup: 1 : Thread Group 
2017/10/30 14:22:47 INFO  - jmeter.engine.StandardJMeterEngine: Starting 1 threads for group Thread Group. 
2017/10/30 14:22:47 INFO  - jmeter.engine.StandardJMeterEngine: Thread will continue on error 
2017/10/30 14:22:47 INFO  - jmeter.threads.ThreadGroup: Starting thread group number 1 threads 1 ramp-up 1 perThread 1000.0 delayedStart=false 
2017/10/30 14:22:47 INFO  - jmeter.threads.ThreadGroup: Started thread group number 1 
2017/10/30 14:22:47 INFO  - jmeter.engine.StandardJMeterEngine: Waiting for all setup thread groups to exit 
2017/10/30 14:22:47 INFO  - jmeter.threads.JMeterThread: Thread started: Thread Group 1-1 
2017/10/30 14:22:47 INFO  - jmeter.services.FileServer: Stored: ${filename} 
2017/10/30 14:22:47 INFO  - jmeter.threads.JMeterThread: Thread is done: Thread Group 1-1 
2017/10/30 14:22:47 INFO  - jmeter.threads.JMeterThread: Thread finished: Thread Group 1-1 
2017/10/30 14:22:47 INFO  - jmeter.engine.StandardJMeterEngine: All Setup Threads have ended 
2017/10/30 14:22:47 INFO  - jmeter.engine.StandardJMeterEngine: No enabled thread groups found 
2017/10/30 14:22:47 INFO  - jmeter.engine.StandardJMeterEngine: Notifying test listeners of end of test 
2017/10/30 14:22:47 INFO  - jmeter.gui.util.JMeterMenuBar: setRunning(false,*local*) 
2017/10/30 14:24:13 INFO  - jmeter.engine.StandardJMeterEngine: Running the test! 
2017/10/30 14:24:13 INFO  - jmeter.samplers.SampleEvent: List of sample_variables: [] 
2017/10/30 14:24:13 INFO  - jmeter.gui.util.JMeterMenuBar: setRunning(true,*local*) 
2017/10/30 14:24:13 INFO  - jmeter.engine.StandardJMeterEngine: Starting setUp thread groups 
2017/10/30 14:24:13 INFO  - jmeter.engine.StandardJMeterEngine: Starting setUp ThreadGroup: 1 : Thread Group 
2017/10/30 14:24:13 INFO  - jmeter.engine.StandardJMeterEngine: Starting 1 threads for group Thread Group. 
2017/10/30 14:24:13 INFO  - jmeter.engine.StandardJMeterEngine: Thread will continue on error 
2017/10/30 14:24:13 INFO  - jmeter.threads.ThreadGroup: Starting thread group number 1 threads 1 ramp-up 1 perThread 1000.0 delayedStart=false 
2017/10/30 14:24:13 INFO  - jmeter.threads.ThreadGroup: Started thread group number 1 
2017/10/30 14:24:13 INFO  - jmeter.engine.StandardJMeterEngine: Waiting for all setup thread groups to exit 
2017/10/30 14:24:13 INFO  - jmeter.threads.JMeterThread: Thread started: Thread Group 1-1 
2017/10/30 14:24:13 INFO  - jmeter.services.FileServer: Stored: ${filename} 
2017/10/30 14:24:13 INFO  - jmeter.threads.JMeterThread: Thread is done: Thread Group 1-1 
2017/10/30 14:24:13 INFO  - jmeter.threads.JMeterThread: Thread finished: Thread Group 1-1 
2017/10/30 14:24:13 INFO  - jmeter.engine.StandardJMeterEngine: All Setup Threads have ended 
2017/10/30 14:24:13 INFO  - jmeter.engine.StandardJMeterEngine: No enabled thread groups found 
2017/10/30 14:24:13 INFO  - jmeter.engine.StandardJMeterEngine: Notifying test listeners of end of test 
2017/10/30 14:24:13 INFO  - jmeter.gui.util.JMeterMenuBar: setRunning(false,*local*) 
2017/10/30 14:24:53 INFO  - jmeter.engine.StandardJMeterEngine: Running the test! 
2017/10/30 14:24:53 INFO  - jmeter.samplers.SampleEvent: List of sample_variables: [] 
2017/10/30 14:24:53 INFO  - jmeter.gui.util.JMeterMenuBar: setRunning(true,*local*) 
2017/10/30 14:24:53 INFO  - jmeter.engine.StandardJMeterEngine: Starting setUp thread groups 
2017/10/30 14:24:53 INFO  - jmeter.engine.StandardJMeterEngine: Starting setUp ThreadGroup: 1 : Thread Group 
2017/10/30 14:24:53 INFO  - jmeter.engine.StandardJMeterEngine: Starting 1 threads for group Thread Group. 
2017/10/30 14:24:53 INFO  - jmeter.engine.StandardJMeterEngine: Thread will continue on error 
2017/10/30 14:24:53 INFO  - jmeter.threads.ThreadGroup: Starting thread group number 1 threads 1 ramp-up 1 perThread 1000.0 delayedStart=false 
2017/10/30 14:24:53 INFO  - jmeter.threads.ThreadGroup: Started thread group number 1 
2017/10/30 14:24:53 INFO  - jmeter.engine.StandardJMeterEngine: Waiting for all setup thread groups to exit 
2017/10/30 14:24:53 INFO  - jmeter.threads.JMeterThread: Thread started: Thread Group 1-1 
2017/10/30 14:24:53 INFO  - jmeter.services.FileServer: Stored: ${filename} 
2017/10/30 14:24:53 INFO  - jmeter.threads.JMeterThread: Thread is done: Thread Group 1-1 
2017/10/30 14:24:53 INFO  - jmeter.threads.JMeterThread: Thread finished: Thread Group 1-1 
2017/10/30 14:24:53 INFO  - jmeter.engine.StandardJMeterEngine: All Setup Threads have ended 
2017/10/30 14:24:53 INFO  - jmeter.engine.StandardJMeterEngine: No enabled thread groups found 
2017/10/30 14:24:53 INFO  - jmeter.engine.StandardJMeterEngine: Notifying test listeners of end of test 
2017/10/30 14:24:53 INFO  - jmeter.gui.util.JMeterMenuBar: setRunning(false,*local*) 
2017/10/30 14:25:28 INFO  - jmeter.engine.StandardJMeterEngine: Running the test! 
2017/10/30 14:25:28 INFO  - jmeter.samplers.SampleEvent: List of sample_variables: [] 
2017/10/30 14:25:28 INFO  - jmeter.gui.util.JMeterMenuBar: setRunning(true,*local*) 
2017/10/30 14:25:28 INFO  - jmeter.engine.StandardJMeterEngine: Starting setUp thread groups 
2017/10/30 14:25:28 INFO  - jmeter.engine.StandardJMeterEngine: Starting setUp ThreadGroup: 1 : Thread Group 
2017/10/30 14:25:28 INFO  - jmeter.engine.StandardJMeterEngine: Starting 1 threads for group Thread Group. 
2017/10/30 14:25:28 INFO  - jmeter.engine.StandardJMeterEngine: Thread will continue on error 
2017/10/30 14:25:28 INFO  - jmeter.threads.ThreadGroup: Starting thread group number 1 threads 1 ramp-up 1 perThread 1000.0 delayedStart=false 
2017/10/30 14:25:28 INFO  - jmeter.threads.ThreadGroup: Started thread group number 1 
2017/10/30 14:25:28 INFO  - jmeter.threads.JMeterThread: Thread started: Thread Group 1-1 
2017/10/30 14:25:28 INFO  - jmeter.engine.StandardJMeterEngine: Waiting for all setup thread groups to exit 
2017/10/30 14:25:28 INFO  - jmeter.services.FileServer: Stored: ${filename} 
2017/10/30 14:25:28 INFO  - jmeter.threads.JMeterThread: Thread is done: Thread Group 1-1 
2017/10/30 14:25:28 INFO  - jmeter.threads.JMeterThread: Thread finished: Thread Group 1-1 
2017/10/30 14:25:28 INFO  - jmeter.engine.StandardJMeterEngine: All Setup Threads have ended 
2017/10/30 14:25:28 INFO  - jmeter.engine.StandardJMeterEngine: No enabled thread groups found 
2017/10/30 14:25:28 INFO  - jmeter.engine.StandardJMeterEngine: Notifying test listeners of end of test 
2017/10/30 14:25:28 INFO  - jmeter.gui.util.JMeterMenuBar: setRunning(false,*local*) 
2017/10/30 14:27:26 INFO  - jmeter.engine.StandardJMeterEngine: Running the test! 
2017/10/30 14:27:26 INFO  - jmeter.samplers.SampleEvent: List of sample_variables: [] 
2017/10/30 14:27:26 INFO  - jmeter.gui.util.JMeterMenuBar: setRunning(true,*local*) 
2017/10/30 14:27:26 INFO  - jmeter.engine.StandardJMeterEngine: Starting setUp thread groups 
2017/10/30 14:27:26 INFO  - jmeter.engine.StandardJMeterEngine: Starting setUp ThreadGroup: 1 : Thread Group 
2017/10/30 14:27:26 INFO  - jmeter.engine.StandardJMeterEngine: Starting 1 threads for group Thread Group. 
2017/10/30 14:27:26 INFO  - jmeter.engine.StandardJMeterEngine: Thread will continue on error 
2017/10/30 14:27:26 INFO  - jmeter.threads.ThreadGroup: Starting thread group number 1 threads 1 ramp-up 1 perThread 1000.0 delayedStart=false 
2017/10/30 14:27:26 INFO  - jmeter.threads.ThreadGroup: Started thread group number 1 
2017/10/30 14:27:26 INFO  - jmeter.engine.StandardJMeterEngine: Waiting for all setup thread groups to exit 
2017/10/30 14:27:26 INFO  - jmeter.threads.JMeterThread: Thread started: Thread Group 1-1 
2017/10/30 14:27:26 INFO  - jmeter.threads.JMeterThread: Thread is done: Thread Group 1-1 
2017/10/30 14:27:26 INFO  - jmeter.threads.JMeterThread: Thread finished: Thread Group 1-1 
2017/10/30 14:27:26 INFO  - jmeter.engine.StandardJMeterEngine: All Setup Threads have ended 
2017/10/30 14:27:26 INFO  - jmeter.engine.StandardJMeterEngine: No enabled thread groups found 
2017/10/30 14:27:26 INFO  - jmeter.engine.StandardJMeterEngine: Notifying test listeners of end of test 
2017/10/30 14:27:26 INFO  - jmeter.gui.util.JMeterMenuBar: setRunning(false,*local*) 
2017/10/30 14:29:47 INFO  - jmeter.engine.StandardJMeterEngine: Running the test! 
2017/10/30 14:29:47 INFO  - jmeter.samplers.SampleEvent: List of sample_variables: [] 
2017/10/30 14:29:47 INFO  - jmeter.gui.util.JMeterMenuBar: setRunning(true,*local*) 
2017/10/30 14:29:47 INFO  - jmeter.engine.StandardJMeterEngine: Starting setUp thread groups 
2017/10/30 14:29:47 INFO  - jmeter.engine.StandardJMeterEngine: Starting setUp ThreadGroup: 1 : Thread Group 
2017/10/30 14:29:47 INFO  - jmeter.engine.StandardJMeterEngine: Starting 1 threads for group Thread Group. 
2017/10/30 14:29:47 INFO  - jmeter.engine.StandardJMeterEngine: Thread will continue on error 
2017/10/30 14:29:47 INFO  - jmeter.threads.ThreadGroup: Starting thread group number 1 threads 1 ramp-up 1 perThread 1000.0 delayedStart=false 
2017/10/30 14:29:47 INFO  - jmeter.threads.ThreadGroup: Started thread group number 1 
2017/10/30 14:29:47 INFO  - jmeter.engine.StandardJMeterEngine: Waiting for all setup thread groups to exit 
2017/10/30 14:29:47 INFO  - jmeter.threads.JMeterThread: Thread started: Thread Group 1-1 
2017/10/30 14:29:47 INFO  - jmeter.threads.JMeterThread: Thread is done: Thread Group 1-1 
2017/10/30 14:29:47 INFO  - jmeter.threads.JMeterThread: Thread finished: Thread Group 1-1 
2017/10/30 14:29:47 INFO  - jmeter.engine.StandardJMeterEngine: All Setup Threads have ended 
2017/10/30 14:29:47 INFO  - jmeter.engine.StandardJMeterEngine: No enabled thread groups found 
2017/10/30 14:29:47 INFO  - jmeter.engine.StandardJMeterEngine: Notifying test listeners of end of test 
2017/10/30 14:29:47 INFO  - jmeter.gui.util.JMeterMenuBar: setRunning(false,*local*) 
2017/10/30 14:32:38 INFO  - jmeter.engine.StandardJMeterEngine: Running the test! 
2017/10/30 14:32:38 INFO  - jmeter.samplers.SampleEvent: List of sample_variables: [] 
2017/10/30 14:32:38 INFO  - jmeter.gui.util.JMeterMenuBar: setRunning(true,*local*) 
2017/10/30 14:32:38 INFO  - jmeter.engine.StandardJMeterEngine: Starting setUp thread groups 
2017/10/30 14:32:38 INFO  - jmeter.engine.StandardJMeterEngine: Starting setUp ThreadGroup: 1 : Thread Group 
2017/10/30 14:32:38 INFO  - jmeter.engine.StandardJMeterEngine: Starting 1 threads for group Thread Group. 
2017/10/30 14:32:38 INFO  - jmeter.engine.StandardJMeterEngine: Thread will continue on error 
2017/10/30 14:32:38 INFO  - jmeter.threads.ThreadGroup: Starting thread group number 1 threads 1 ramp-up 1 perThread 1000.0 delayedStart=false 
2017/10/30 14:32:38 INFO  - jmeter.threads.ThreadGroup: Started thread group number 1 
2017/10/30 14:32:38 INFO  - jmeter.engine.StandardJMeterEngine: Waiting for all setup thread groups to exit 
2017/10/30 14:32:38 INFO  - jmeter.threads.JMeterThread: Thread started: Thread Group 1-1 
2017/10/30 14:32:38 INFO  - jmeter.threads.JMeterThread: Thread is done: Thread Group 1-1 
2017/10/30 14:32:38 INFO  - jmeter.threads.JMeterThread: Thread finished: Thread Group 1-1 
2017/10/30 14:32:38 INFO  - jmeter.engine.StandardJMeterEngine: All Setup Threads have ended 
2017/10/30 14:32:38 INFO  - jmeter.engine.StandardJMeterEngine: No enabled thread groups found 
2017/10/30 14:32:38 INFO  - jmeter.engine.StandardJMeterEngine: Notifying test listeners of end of test 
2017/10/30 14:32:38 INFO  - jmeter.gui.util.JMeterMenuBar: setRunning(false,*local*) 
2017/10/30 14:37:47 ERROR - jmeter.gui.action.Save: Failed to backup file :/Users/hieunguyen/Documents/dev/wks/reservation_system_poc/load-test/microservice_load.jmx java.io.FileNotFoundException: /usr/local/Cellar/jmeter/3.1/libexec/backups/microservice_load-000008.jmx (No space left on device)
	at java.io.FileOutputStream